DEBUG:urllib3.connectionpool:Starting new HTTPS connection (1): kite.zerodha.com:443
DEBUG:urllib3.connectionpool:https://kite.zerodha.com:443 "GET /oms/instruments/historical/260105/day?instrument_token=260105&from=2020-08-13+09%3A07%3A01&to=2021-06-22+09%3A07%3A01&interval=day&continuous=0&oi=0 HTTP/1.1" 200 4552
DEBUG:urllib3.connectionpool:Starting new HTTPS connection (1): api.kite.trade:443
DEBUG:urllib3.connectionpool:https://api.kite.trade:443 "GET /instruments/NFO HTTP/1.1" 200 663012
DEBUG:urllib3.connectionpool:https://kite.zerodha.com:443 "GET /oms/instruments/historical/13373442/3minute?instrument_token=13373442&from=2021-06-22+15%3A00%3A00&to=2021-06-23+09%3A07%3A05&interval=3minute&continuous=0&oi=0 HTTP/1.1" 200 None
DEBUG:urllib3.connectionpool:https://kite.zerodha.com:443 "GET /oms/instruments/historical/11250946/3minute?instrument_token=11250946&from=2021-06-22+15%3A00%3A00&to=2021-06-23+09%3A07%3A05&interval=3minute&continuous=0&oi=0 HTTP/1.1" 200 None
ERROR:kiteconnect.ticker:Connection error: 1006 - connection was closed uncleanly (peer dropped the TCP connection without previous WebSocket closing handshake)
ERROR:kiteconnect.ticker:Connection closed: 1006 - connection was closed uncleanly (peer dropped the TCP connection without previous WebSocket closing handshake)
DEBUG:urllib3.connectionpool:Starting new HTTPS connection (1): kite.zerodha.com:443
DEBUG:urllib3.connectionpool:https://kite.zerodha.com:443 "GET /oms/instruments/historical/260105/day?instrument_token=260105&from=2020-08-13+09%3A21%3A34&to=2021-06-22+09%3A21%3A34&interval=day&continuous=0&oi=0 HTTP/1.1" 200 4552
DEBUG:urllib3.connectionpool:Starting new HTTPS connection (1): api.kite.trade:443
DEBUG:urllib3.connectionpool:https://api.kite.trade:443 "GET /instruments/NFO HTTP/1.1" 200 663012
DEBUG:urllib3.connectionpool:https://kite.zerodha.com:443 "GET /oms/instruments/historical/13373442/3minute?instrument_token=13373442&from=2021-06-22+15%3A00%3A00&to=2021-06-23+09%3A21%3A39&interval=3minute&continuous=0&oi=0 HTTP/1.1" 200 None
DEBUG:urllib3.connectionpool:https://kite.zerodha.com:443 "GET /oms/instruments/historical/11250946/3minute?instrument_token=11250946&from=2021-06-22+15%3A00%3A00&to=2021-06-23+09%3A21%3A39&interval=3minute&continuous=0&oi=0 HTTP/1.1" 200 None
ERROR:kiteconnect.ticker:Connection error: 1006 - connection was closed uncleanly (peer dropped the TCP connection without previous WebSocket closing handshake)
ERROR:kiteconnect.ticker:Connection closed: 1006 - connection was closed uncleanly (peer dropped the TCP connection without previous WebSocket closing handshake)
DEBUG:urllib3.connectionpool:Starting new HTTPS connection (1): kite.zerodha.com:443
DEBUG:urllib3.connectionpool:https://kite.zerodha.com:443 "GET /oms/instruments/historical/260105/day?instrument_token=260105&from=2020-08-13+09%3A24%3A12&to=2021-06-22+09%3A24%3A12&interval=day&continuous=0&oi=0 HTTP/1.1" 200 4552
DEBUG:urllib3.connectionpool:Starting new HTTPS connection (1): api.kite.trade:443
DEBUG:urllib3.connectionpool:https://api.kite.trade:443 "GET /instruments/NFO HTTP/1.1" 200 663012
DEBUG:urllib3.connectionpool:https://kite.zerodha.com:443 "GET /oms/instruments/historical/13373442/3minute?instrument_token=13373442&from=2021-06-22+15%3A00%3A00&to=2021-06-23+09%3A24%3A16&interval=3minute&continuous=0&oi=0 HTTP/1.1" 200 None
DEBUG:urllib3.connectionpool:https://kite.zerodha.com:443 "GET /oms/instruments/historical/11250946/3minute?instrument_token=11250946&from=2021-06-22+15%3A00%3A00&to=2021-06-23+09%3A24%3A16&interval=3minute&continuous=0&oi=0 HTTP/1.1" 200 None
DEBUG:urllib3.connectionpool:Starting new HTTPS connection (2): kite.zerodha.com:443
DEBUG:urllib3.connectionpool:https://kite.zerodha.com:443 "GET /oms/quote/ltp?i=11250946 HTTP/1.1" 200 None
DEBUG:urllib3.connectionpool:https://kite.zerodha.com:443 "POST /oms/orders/amo HTTP/1.1" 400 146
DEBUG:urllib3.connectionpool:https://kite.zerodha.com:443 "GET /oms/quote/ltp?i=11250946 HTTP/1.1" 200 None
DEBUG:urllib3.connectionpool:https://kite.zerodha.com:443 "POST /oms/orders/amo HTTP/1.1" 400 146
DEBUG:urllib3.connectionpool:https://kite.zerodha.com:443 "GET /oms/quote/ltp?i=11250946 HTTP/1.1" 200 None
DEBUG:urllib3.connectionpool:https://kite.zerodha.com:443 "POST /oms/orders/amo HTTP/1.1" 400 146
DEBUG:urllib3.connectionpool:Starting new HTTPS connection (1): kite.zerodha.com:443
DEBUG:urllib3.connectionpool:https://kite.zerodha.com:443 "GET /oms/instruments/historical/260105/day?instrument_token=260105&from=2020-08-13+09%3A56%3A33&to=2021-06-22+09%3A56%3A33&interval=day&continuous=0&oi=0 HTTP/1.1" 200 4552
DEBUG:urllib3.connectionpool:Starting new HTTPS connection (1): api.kite.trade:443
DEBUG:urllib3.connectionpool:https://api.kite.trade:443 "GET /instruments/NFO HTTP/1.1" 200 663012
DEBUG:urllib3.connectionpool:https://kite.zerodha.com:443 "GET /oms/instruments/historical/13373442/3minute?instrument_token=13373442&from=2021-06-22+15%3A00%3A00&to=2021-06-23+09%3A56%3A37&interval=3minute&continuous=0&oi=0 HTTP/1.1" 200 None
DEBUG:urllib3.connectionpool:https://kite.zerodha.com:443 "GET /oms/instruments/historical/11250946/3minute?instrument_token=11250946&from=2021-06-22+15%3A00%3A00&to=2021-06-23+09%3A56%3A38&interval=3minute&continuous=0&oi=0 HTTP/1.1" 200 None
DEBUG:urllib3.connectionpool:https://kite.zerodha.com:443 "GET /oms/quote/ltp?i=11250946 HTTP/1.1" 200 None
DEBUG:urllib3.connectionpool:https://kite.zerodha.com:443 "POST /oms/orders/regular HTTP/1.1" 200 None
DEBUG:urllib3.connectionpool:Starting new HTTPS connection (2): kite.zerodha.com:443
DEBUG:urllib3.connectionpool:https://kite.zerodha.com:443 "GET /oms/quote/ltp?i=11250946 HTTP/1.1" 200 None
DEBUG:urllib3.connectionpool:https://kite.zerodha.com:443 "POST /oms/orders/regular HTTP/1.1" 200 None
DEBUG:urllib3.connectionpool:https://kite.zerodha.com:443 "GET /oms/quote/ltp?i=13373442 HTTP/1.1" 200 None
DEBUG:urllib3.connectionpool:https://kite.zerodha.com:443 "POST /oms/orders/regular HTTP/1.1" 200 None
DEBUG:urllib3.connectionpool:Starting new HTTPS connection (3): kite.zerodha.com:443
DEBUG:urllib3.connectionpool:https://kite.zerodha.com:443 "GET /oms/quote/ltp?i=11250946 HTTP/1.1" 200 None
DEBUG:urllib3.connectionpool:https://kite.zerodha.com:443 "POST /oms/orders/regular HTTP/1.1" 200 None
DEBUG:urllib3.connectionpool:https://kite.zerodha.com:443 "GET /oms/quote/ltp?i=13373442 HTTP/1.1" 200 None
DEBUG:urllib3.connectionpool:https://kite.zerodha.com:443 "POST /oms/orders/regular HTTP/1.1" 200 None
DEBUG:urllib3.connectionpool:Starting new HTTPS connection (4): kite.zerodha.com:443
DEBUG:urllib3.connectionpool:https://kite.zerodha.com:443 "GET /oms/quote/ltp?i=13373442 HTTP/1.1" 200 None
DEBUG:urllib3.connectionpool:https://kite.zerodha.com:443 "POST /oms/orders/regular HTTP/1.1" 200 None
DEBUG:urllib3.connectionpool:https://kite.zerodha.com:443 "GET /oms/quote/ltp?i=11250946 HTTP/1.1" 200 None
DEBUG:urllib3.connectionpool:https://kite.zerodha.com:443 "POST /oms/orders/regular HTTP/1.1" 200 None
DEBUG:urllib3.connectionpool:Starting new HTTPS connection (5): kite.zerodha.com:443
DEBUG:urllib3.connectionpool:https://kite.zerodha.com:443 "GET /oms/quote/ltp?i=11250946 HTTP/1.1" 200 None
DEBUG:urllib3.connectionpool:https://kite.zerodha.com:443 "POST /oms/orders/regular HTTP/1.1" 200 None
DEBUG:urllib3.connectionpool:https://kite.zerodha.com:443 "GET /oms/quote/ltp?i=13373442 HTTP/1.1" 200 None
DEBUG:urllib3.connectionpool:https://kite.zerodha.com:443 "POST /oms/orders/regular HTTP/1.1" 200 None
DEBUG:urllib3.connectionpool:https://kite.zerodha.com:443 "GET /oms/quote/ltp?i=11250946 HTTP/1.1" 200 None
DEBUG:urllib3.connectionpool:https://kite.zerodha.com:443 "POST /oms/orders/regular HTTP/1.1" 200 None
DEBUG:urllib3.connectionpool:Starting new HTTPS connection (6): kite.zerodha.com:443
DEBUG:urllib3.connectionpool:https://kite.zerodha.com:443 "GET /oms/quote/ltp?i=11250946 HTTP/1.1" 200 None
DEBUG:urllib3.connectionpool:https://kite.zerodha.com:443 "POST /oms/orders/regular HTTP/1.1" 200 None
DEBUG:urllib3.connectionpool:Starting new HTTPS connection (7): kite.zerodha.com:443
DEBUG:urllib3.connectionpool:https://kite.zerodha.com:443 "GET /oms/quote/ltp?i=11250946 HTTP/1.1" 200 None
DEBUG:urllib3.connectionpool:https://kite.zerodha.com:443 "POST /oms/orders/regular HTTP/1.1" 200 None
DEBUG:urllib3.connectionpool:Starting new HTTPS connection (8): kite.zerodha.com:443
DEBUG:urllib3.connectionpool:https://kite.zerodha.com:443 "GET /oms/quote/ltp?i=13373442 HTTP/1.1" 200 None
DEBUG:urllib3.connectionpool:https://kite.zerodha.com:443 "POST /oms/orders/regular HTTP/1.1" 200 None
DEBUG:urllib3.connectionpool:Starting new HTTPS connection (9): kite.zerodha.com:443
DEBUG:urllib3.connectionpool:https://kite.zerodha.com:443 "GET /oms/quote/ltp?i=13373442 HTTP/1.1" 200 None
DEBUG:urllib3.connectionpool:https://kite.zerodha.com:443 "POST /oms/orders/regular HTTP/1.1" 200 None
DEBUG:urllib3.connectionpool:Starting new HTTPS connection (10): kite.zerodha.com:443
DEBUG:urllib3.connectionpool:https://kite.zerodha.com:443 "GET /oms/quote/ltp?i=11250946 HTTP/1.1" 200 None
DEBUG:urllib3.connectionpool:https://kite.zerodha.com:443 "POST /oms/orders/regular HTTP/1.1" 200 None
DEBUG:urllib3.connectionpool:https://kite.zerodha.com:443 "GET /oms/quote/ltp?i=11250946 HTTP/1.1" 200 None
DEBUG:urllib3.connectionpool:https://kite.zerodha.com:443 "POST /oms/orders/regular HTTP/1.1" 200 None
DEBUG:urllib3.connectionpool:https://kite.zerodha.com:443 "GET /oms/quote/ltp?i=13373442 HTTP/1.1" 200 None
DEBUG:urllib3.connectionpool:https://kite.zerodha.com:443 "POST /oms/orders/regular HTTP/1.1" 200 None
DEBUG:urllib3.connectionpool:Starting new HTTPS connection (11): kite.zerodha.com:443
DEBUG:urllib3.connectionpool:https://kite.zerodha.com:443 "GET /oms/quote/ltp?i=11250946 HTTP/1.1" 200 None
DEBUG:urllib3.connectionpool:https://kite.zerodha.com:443 "POST /oms/orders/regular HTTP/1.1" 200 None
DEBUG:urllib3.connectionpool:https://kite.zerodha.com:443 "GET /oms/quote/ltp?i=13373442 HTTP/1.1" 200 None
DEBUG:urllib3.connectionpool:https://kite.zerodha.com:443 "POST /oms/orders/regular HTTP/1.1" 200 None
DEBUG:urllib3.connectionpool:Starting new HTTPS connection (12): kite.zerodha.com:443
DEBUG:urllib3.connectionpool:https://kite.zerodha.com:443 "GET /oms/quote/ltp?i=11250946 HTTP/1.1" 200 None
DEBUG:urllib3.connectionpool:https://kite.zerodha.com:443 "POST /oms/orders/regular HTTP/1.1" 200 None
DEBUG:urllib3.connectionpool:Starting new HTTPS connection (13): kite.zerodha.com:443
DEBUG:urllib3.connectionpool:https://kite.zerodha.com:443 "GET /oms/quote/ltp?i=11250946 HTTP/1.1" 200 None
DEBUG:urllib3.connectionpool:https://kite.zerodha.com:443 "POST /oms/orders/regular HTTP/1.1" 200 None
DEBUG:urllib3.connectionpool:Starting new HTTPS connection (14): kite.zerodha.com:443
DEBUG:urllib3.connectionpool:https://kite.zerodha.com:443 "GET /oms/quote/ltp?i=11250946 HTTP/1.1" 200 None
DEBUG:urllib3.connectionpool:https://kite.zerodha.com:443 "POST /oms/orders/regular HTTP/1.1" 200 None
