DEBUG:urllib3.connectionpool:Starting new HTTPS connection (1): kite.zerodha.com:443
DEBUG:urllib3.connectionpool:https://kite.zerodha.com:443 "GET /oms/instruments/historical/260105/day?instrument_token=260105&from=2020-08-14+09%3A22%3A45&to=2021-06-23+09%3A22%3A45&interval=day&continuous=0&oi=0 HTTP/1.1" 200 4550
DEBUG:urllib3.connectionpool:Starting new HTTPS connection (1): api.kite.trade:443
DEBUG:urllib3.connectionpool:https://api.kite.trade:443 "GET /instruments/NFO HTTP/1.1" 200 663622
DEBUG:urllib3.connectionpool:https://kite.zerodha.com:443 "GET /oms/instruments/historical/12739586/3minute?instrument_token=12739586&from=2021-06-23+15%3A00%3A00&to=2021-06-24+09%3A22%3A49&interval=3minute&continuous=0&oi=0 HTTP/1.1" 200 None
DEBUG:urllib3.connectionpool:https://kite.zerodha.com:443 "GET /oms/instruments/historical/12739842/3minute?instrument_token=12739842&from=2021-06-23+15%3A00%3A00&to=2021-06-24+09%3A22%3A49&interval=3minute&continuous=0&oi=0 HTTP/1.1" 200 None
DEBUG:urllib3.connectionpool:Starting new HTTPS connection (1): kite.zerodha.com:443
DEBUG:urllib3.connectionpool:https://kite.zerodha.com:443 "GET /oms/instruments/historical/260105/day?instrument_token=260105&from=2020-08-14+09%3A28%3A14&to=2021-06-23+09%3A28%3A14&interval=day&continuous=0&oi=0 HTTP/1.1" 200 4550
DEBUG:urllib3.connectionpool:Starting new HTTPS connection (1): api.kite.trade:443
DEBUG:urllib3.connectionpool:https://api.kite.trade:443 "GET /instruments/NFO HTTP/1.1" 200 663622
DEBUG:urllib3.connectionpool:https://kite.zerodha.com:443 "GET /oms/instruments/historical/12739586/3minute?instrument_token=12739586&from=2021-06-23+15%3A00%3A00&to=2021-06-24+09%3A28%3A18&interval=3minute&continuous=0&oi=0 HTTP/1.1" 200 None
DEBUG:urllib3.connectionpool:https://kite.zerodha.com:443 "GET /oms/instruments/historical/12739842/3minute?instrument_token=12739842&from=2021-06-23+15%3A00%3A00&to=2021-06-24+09%3A28%3A18&interval=3minute&continuous=0&oi=0 HTTP/1.1" 200 None
DEBUG:urllib3.connectionpool:Starting new HTTPS connection (2): kite.zerodha.com:443
DEBUG:urllib3.connectionpool:https://kite.zerodha.com:443 "GET /oms/quote/ltp?i=12739586 HTTP/1.1" 200 None
DEBUG:urllib3.connectionpool:https://kite.zerodha.com:443 "GET /oms/quote/ltp?i=12739586 HTTP/1.1" 200 None
DEBUG:urllib3.connectionpool:https://kite.zerodha.com:443 "GET /oms/quote/ltp?i=12739586 HTTP/1.1" 200 None
DEBUG:urllib3.connectionpool:https://kite.zerodha.com:443 "GET /oms/quote/ltp?i=12739586 HTTP/1.1" 200 None
DEBUG:urllib3.connectionpool:https://kite.zerodha.com:443 "GET /oms/quote/ltp?i=12739586 HTTP/1.1" 200 None
DEBUG:urllib3.connectionpool:https://kite.zerodha.com:443 "GET /oms/quote/ltp?i=12739586 HTTP/1.1" 200 None
DEBUG:urllib3.connectionpool:https://kite.zerodha.com:443 "GET /oms/quote/ltp?i=12739586 HTTP/1.1" 200 None
DEBUG:urllib3.connectionpool:Starting new HTTPS connection (1): kite.zerodha.com:443
DEBUG:urllib3.connectionpool:https://kite.zerodha.com:443 "GET /oms/instruments/historical/260105/day?instrument_token=260105&from=2020-08-14+10%3A27%3A38&to=2021-06-23+10%3A27%3A38&interval=day&continuous=0&oi=0 HTTP/1.1" 200 4550
DEBUG:urllib3.connectionpool:Starting new HTTPS connection (1): api.kite.trade:443
DEBUG:urllib3.connectionpool:https://api.kite.trade:443 "GET /instruments/NFO HTTP/1.1" 502 None
DEBUG:urllib3.connectionpool:Starting new HTTPS connection (1): kite.zerodha.com:443
DEBUG:urllib3.connectionpool:https://kite.zerodha.com:443 "GET /oms/instruments/historical/260105/day?instrument_token=260105&from=2020-08-14+10%3A27%3A47&to=2021-06-23+10%3A27%3A47&interval=day&continuous=0&oi=0 HTTP/1.1" 200 4550
DEBUG:urllib3.connectionpool:Starting new HTTPS connection (1): api.kite.trade:443
DEBUG:urllib3.connectionpool:https://api.kite.trade:443 "GET /instruments/NFO HTTP/1.1" 200 663622
DEBUG:urllib3.connectionpool:https://kite.zerodha.com:443 "GET /oms/instruments/historical/12739586/3minute?instrument_token=12739586&from=2021-06-23+15%3A00%3A00&to=2021-06-24+10%3A27%3A52&interval=3minute&continuous=0&oi=0 HTTP/1.1" 200 None
DEBUG:urllib3.connectionpool:https://kite.zerodha.com:443 "GET /oms/instruments/historical/12739842/3minute?instrument_token=12739842&from=2021-06-23+15%3A00%3A00&to=2021-06-24+10%3A27%3A52&interval=3minute&continuous=0&oi=0 HTTP/1.1" 200 None
DEBUG:urllib3.connectionpool:Starting new HTTPS connection (2): kite.zerodha.com:443
DEBUG:urllib3.connectionpool:https://kite.zerodha.com:443 "GET /oms/quote/ltp?i=12739842 HTTP/1.1" 200 None
DEBUG:urllib3.connectionpool:https://kite.zerodha.com:443 "GET /oms/quote/ltp?i=12739842 HTTP/1.1" 200 None
DEBUG:urllib3.connectionpool:https://kite.zerodha.com:443 "GET /oms/quote/ltp?i=12739842 HTTP/1.1" 200 None
DEBUG:urllib3.connectionpool:https://kite.zerodha.com:443 "GET /oms/quote/ltp?i=12739842 HTTP/1.1" 200 None
DEBUG:urllib3.connectionpool:https://kite.zerodha.com:443 "GET /oms/quote/ltp?i=12739842 HTTP/1.1" 200 None
DEBUG:urllib3.connectionpool:https://kite.zerodha.com:443 "GET /oms/quote/ltp?i=12739842 HTTP/1.1" 200 None
DEBUG:urllib3.connectionpool:https://kite.zerodha.com:443 "GET /oms/quote/ltp?i=12739842 HTTP/1.1" 200 None
DEBUG:urllib3.connectionpool:https://kite.zerodha.com:443 "GET /oms/quote/ltp?i=12739842 HTTP/1.1" 200 None
DEBUG:urllib3.connectionpool:https://kite.zerodha.com:443 "GET /oms/quote/ltp?i=12739842 HTTP/1.1" 200 None
DEBUG:urllib3.connectionpool:https://kite.zerodha.com:443 "GET /oms/quote/ltp?i=12739842 HTTP/1.1" 200 None
DEBUG:urllib3.connectionpool:https://kite.zerodha.com:443 "GET /oms/quote/ltp?i=12739842 HTTP/1.1" 200 None
DEBUG:urllib3.connectionpool:https://kite.zerodha.com:443 "GET /oms/quote/ltp?i=12739842 HTTP/1.1" 200 None
DEBUG:urllib3.connectionpool:https://kite.zerodha.com:443 "GET /oms/quote/ltp?i=12739842 HTTP/1.1" 200 None
DEBUG:urllib3.connectionpool:https://kite.zerodha.com:443 "GET /oms/quote/ltp?i=12739842 HTTP/1.1" 200 None
DEBUG:urllib3.connectionpool:https://kite.zerodha.com:443 "GET /oms/quote/ltp?i=12739842 HTTP/1.1" 200 None
DEBUG:urllib3.connectionpool:https://kite.zerodha.com:443 "GET /oms/quote/ltp?i=12739842 HTTP/1.1" 200 None
DEBUG:urllib3.connectionpool:https://kite.zerodha.com:443 "GET /oms/quote/ltp?i=12739842 HTTP/1.1" 200 None
DEBUG:urllib3.connectionpool:https://kite.zerodha.com:443 "GET /oms/quote/ltp?i=12739842 HTTP/1.1" 200 None
DEBUG:urllib3.connectionpool:https://kite.zerodha.com:443 "GET /oms/quote/ltp?i=12739842 HTTP/1.1" 200 None
DEBUG:urllib3.connectionpool:https://kite.zerodha.com:443 "GET /oms/quote/ltp?i=12739842 HTTP/1.1" 200 None
DEBUG:urllib3.connectionpool:https://kite.zerodha.com:443 "GET /oms/quote/ltp?i=12739842 HTTP/1.1" 200 None
DEBUG:urllib3.connectionpool:Starting new HTTPS connection (3): kite.zerodha.com:443
DEBUG:urllib3.connectionpool:https://kite.zerodha.com:443 "GET /oms/quote/ltp?i=12739586 HTTP/1.1" 200 None
DEBUG:urllib3.connectionpool:https://kite.zerodha.com:443 "GET /oms/quote/ltp?i=12739586 HTTP/1.1" 200 None
DEBUG:urllib3.connectionpool:https://kite.zerodha.com:443 "GET /oms/quote/ltp?i=12739586 HTTP/1.1" 200 None
DEBUG:urllib3.connectionpool:https://kite.zerodha.com:443 "GET /oms/quote/ltp?i=12739586 HTTP/1.1" 200 None
DEBUG:urllib3.connectionpool:https://kite.zerodha.com:443 "GET /oms/quote/ltp?i=12739586 HTTP/1.1" 200 None
DEBUG:urllib3.connectionpool:https://kite.zerodha.com:443 "GET /oms/quote/ltp?i=12739586 HTTP/1.1" 200 None
DEBUG:urllib3.connectionpool:https://kite.zerodha.com:443 "GET /oms/quote/ltp?i=12739586 HTTP/1.1" 200 None
DEBUG:urllib3.connectionpool:https://kite.zerodha.com:443 "GET /oms/quote/ltp?i=12739586 HTTP/1.1" 200 None
DEBUG:urllib3.connectionpool:https://kite.zerodha.com:443 "GET /oms/quote/ltp?i=12739586 HTTP/1.1" 200 None
DEBUG:urllib3.connectionpool:https://kite.zerodha.com:443 "GET /oms/quote/ltp?i=12739586 HTTP/1.1" 200 None
DEBUG:urllib3.connectionpool:https://kite.zerodha.com:443 "GET /oms/quote/ltp?i=12739586 HTTP/1.1" 200 None
DEBUG:urllib3.connectionpool:https://kite.zerodha.com:443 "GET /oms/quote/ltp?i=12739586 HTTP/1.1" 200 None
DEBUG:urllib3.connectionpool:https://kite.zerodha.com:443 "GET /oms/quote/ltp?i=12739586 HTTP/1.1" 200 None
DEBUG:urllib3.connectionpool:https://kite.zerodha.com:443 "GET /oms/quote/ltp?i=12739586 HTTP/1.1" 200 None
DEBUG:urllib3.connectionpool:https://kite.zerodha.com:443 "GET /oms/quote/ltp?i=12739586 HTTP/1.1" 200 None
DEBUG:urllib3.connectionpool:Starting new HTTPS connection (4): kite.zerodha.com:443
DEBUG:urllib3.connectionpool:https://kite.zerodha.com:443 "GET /oms/quote/ltp?i=12739586 HTTP/1.1" 200 None
DEBUG:urllib3.connectionpool:https://kite.zerodha.com:443 "GET /oms/quote/ltp?i=12739586 HTTP/1.1" 200 None
DEBUG:urllib3.connectionpool:https://kite.zerodha.com:443 "GET /oms/quote/ltp?i=12739586 HTTP/1.1" 200 None
DEBUG:urllib3.connectionpool:https://kite.zerodha.com:443 "GET /oms/quote/ltp?i=12739586 HTTP/1.1" 200 None
DEBUG:urllib3.connectionpool:https://kite.zerodha.com:443 "GET /oms/quote/ltp?i=12739586 HTTP/1.1" 200 None
DEBUG:urllib3.connectionpool:https://kite.zerodha.com:443 "GET /oms/quote/ltp?i=12739586 HTTP/1.1" 200 None
DEBUG:urllib3.connectionpool:https://kite.zerodha.com:443 "GET /oms/quote/ltp?i=12739586 HTTP/1.1" 200 None
DEBUG:urllib3.connectionpool:https://kite.zerodha.com:443 "GET /oms/quote/ltp?i=12739586 HTTP/1.1" 200 None
DEBUG:urllib3.connectionpool:https://kite.zerodha.com:443 "GET /oms/quote/ltp?i=12739586 HTTP/1.1" 200 None
DEBUG:urllib3.connectionpool:https://kite.zerodha.com:443 "GET /oms/quote/ltp?i=12739586 HTTP/1.1" 200 None
DEBUG:urllib3.connectionpool:https://kite.zerodha.com:443 "GET /oms/quote/ltp?i=12739586 HTTP/1.1" 200 None
DEBUG:urllib3.connectionpool:https://kite.zerodha.com:443 "GET /oms/quote/ltp?i=12739586 HTTP/1.1" 200 None
DEBUG:urllib3.connectionpool:https://kite.zerodha.com:443 "GET /oms/quote/ltp?i=12739586 HTTP/1.1" 200 None
DEBUG:urllib3.connectionpool:https://kite.zerodha.com:443 "GET /oms/quote/ltp?i=12739586 HTTP/1.1" 200 None
DEBUG:urllib3.connectionpool:https://kite.zerodha.com:443 "GET /oms/quote/ltp?i=12739586 HTTP/1.1" 200 None
DEBUG:urllib3.connectionpool:https://kite.zerodha.com:443 "GET /oms/quote/ltp?i=12739586 HTTP/1.1" 200 None
DEBUG:urllib3.connectionpool:https://kite.zerodha.com:443 "GET /oms/quote/ltp?i=12739586 HTTP/1.1" 200 None
DEBUG:urllib3.connectionpool:https://kite.zerodha.com:443 "GET /oms/quote/ltp?i=12739586 HTTP/1.1" 200 None
DEBUG:urllib3.connectionpool:https://kite.zerodha.com:443 "GET /oms/quote/ltp?i=12739586 HTTP/1.1" 200 None
DEBUG:urllib3.connectionpool:https://kite.zerodha.com:443 "GET /oms/quote/ltp?i=12739586 HTTP/1.1" 200 None
DEBUG:urllib3.connectionpool:https://kite.zerodha.com:443 "GET /oms/quote/ltp?i=12739586 HTTP/1.1" 200 None
DEBUG:urllib3.connectionpool:https://kite.zerodha.com:443 "GET /oms/quote/ltp?i=12739586 HTTP/1.1" 200 None
DEBUG:urllib3.connectionpool:Starting new HTTPS connection (5): kite.zerodha.com:443
DEBUG:urllib3.connectionpool:https://kite.zerodha.com:443 "GET /oms/quote/ltp?i=12739586 HTTP/1.1" 200 None
DEBUG:urllib3.connectionpool:https://kite.zerodha.com:443 "GET /oms/quote/ltp?i=12739586 HTTP/1.1" 200 None
DEBUG:urllib3.connectionpool:https://kite.zerodha.com:443 "GET /oms/quote/ltp?i=12739586 HTTP/1.1" 200 None
DEBUG:urllib3.connectionpool:https://kite.zerodha.com:443 "GET /oms/quote/ltp?i=12739586 HTTP/1.1" 200 None
DEBUG:urllib3.connectionpool:https://kite.zerodha.com:443 "GET /oms/quote/ltp?i=12739586 HTTP/1.1" 200 None
DEBUG:urllib3.connectionpool:https://kite.zerodha.com:443 "GET /oms/quote/ltp?i=12739586 HTTP/1.1" 200 None
DEBUG:urllib3.connectionpool:https://kite.zerodha.com:443 "GET /oms/quote/ltp?i=12739586 HTTP/1.1" 200 None
DEBUG:urllib3.connectionpool:https://kite.zerodha.com:443 "GET /oms/quote/ltp?i=12739586 HTTP/1.1" 200 None
DEBUG:urllib3.connectionpool:https://kite.zerodha.com:443 "GET /oms/quote/ltp?i=12739586 HTTP/1.1" 200 None
DEBUG:urllib3.connectionpool:https://kite.zerodha.com:443 "GET /oms/quote/ltp?i=12739586 HTTP/1.1" 200 None
DEBUG:urllib3.connectionpool:https://kite.zerodha.com:443 "GET /oms/quote/ltp?i=12739586 HTTP/1.1" 200 None
DEBUG:urllib3.connectionpool:https://kite.zerodha.com:443 "GET /oms/quote/ltp?i=12739586 HTTP/1.1" 200 None
DEBUG:urllib3.connectionpool:https://kite.zerodha.com:443 "GET /oms/quote/ltp?i=12739586 HTTP/1.1" 200 None
DEBUG:urllib3.connectionpool:https://kite.zerodha.com:443 "GET /oms/quote/ltp?i=12739586 HTTP/1.1" 200 None
DEBUG:urllib3.connectionpool:https://kite.zerodha.com:443 "GET /oms/quote/ltp?i=12739586 HTTP/1.1" 200 None
DEBUG:urllib3.connectionpool:Starting new HTTPS connection (6): kite.zerodha.com:443
DEBUG:urllib3.connectionpool:https://kite.zerodha.com:443 "GET /oms/quote/ltp?i=12739586 HTTP/1.1" 200 None
DEBUG:urllib3.connectionpool:https://kite.zerodha.com:443 "GET /oms/quote/ltp?i=12739586 HTTP/1.1" 200 None
DEBUG:urllib3.connectionpool:https://kite.zerodha.com:443 "GET /oms/quote/ltp?i=12739586 HTTP/1.1" 200 None
DEBUG:urllib3.connectionpool:Starting new HTTPS connection (7): kite.zerodha.com:443
DEBUG:urllib3.connectionpool:https://kite.zerodha.com:443 "GET /oms/quote/ltp?i=12739586 HTTP/1.1" 200 None
DEBUG:urllib3.connectionpool:https://kite.zerodha.com:443 "GET /oms/quote/ltp?i=12739586 HTTP/1.1" 200 None
DEBUG:urllib3.connectionpool:https://kite.zerodha.com:443 "GET /oms/quote/ltp?i=12739586 HTTP/1.1" 200 None
DEBUG:urllib3.connectionpool:https://kite.zerodha.com:443 "GET /oms/quote/ltp?i=12739586 HTTP/1.1" 200 None
DEBUG:urllib3.connectionpool:https://kite.zerodha.com:443 "GET /oms/quote/ltp?i=12739586 HTTP/1.1" 200 None
DEBUG:urllib3.connectionpool:https://kite.zerodha.com:443 "GET /oms/quote/ltp?i=12739586 HTTP/1.1" 200 None
DEBUG:urllib3.connectionpool:https://kite.zerodha.com:443 "GET /oms/quote/ltp?i=12739586 HTTP/1.1" 200 None
DEBUG:urllib3.connectionpool:Starting new HTTPS connection (8): kite.zerodha.com:443
DEBUG:urllib3.connectionpool:https://kite.zerodha.com:443 "GET /oms/quote/ltp?i=12739842 HTTP/1.1" 200 None
DEBUG:urllib3.connectionpool:https://kite.zerodha.com:443 "GET /oms/quote/ltp?i=12739842 HTTP/1.1" 200 None
DEBUG:urllib3.connectionpool:https://kite.zerodha.com:443 "GET /oms/quote/ltp?i=12739842 HTTP/1.1" 200 None
DEBUG:urllib3.connectionpool:https://kite.zerodha.com:443 "GET /oms/quote/ltp?i=12739842 HTTP/1.1" 200 None
DEBUG:urllib3.connectionpool:https://kite.zerodha.com:443 "GET /oms/quote/ltp?i=12739842 HTTP/1.1" 200 None
DEBUG:urllib3.connectionpool:https://kite.zerodha.com:443 "GET /oms/quote/ltp?i=12739842 HTTP/1.1" 200 None
DEBUG:urllib3.connectionpool:https://kite.zerodha.com:443 "GET /oms/quote/ltp?i=12739842 HTTP/1.1" 200 None
DEBUG:urllib3.connectionpool:https://kite.zerodha.com:443 "GET /oms/quote/ltp?i=12739586 HTTP/1.1" 200 None
DEBUG:urllib3.connectionpool:https://kite.zerodha.com:443 "GET /oms/quote/ltp?i=12739586 HTTP/1.1" 200 None
DEBUG:urllib3.connectionpool:https://kite.zerodha.com:443 "GET /oms/quote/ltp?i=12739586 HTTP/1.1" 200 None
DEBUG:urllib3.connectionpool:https://kite.zerodha.com:443 "GET /oms/quote/ltp?i=12739586 HTTP/1.1" 200 None
DEBUG:urllib3.connectionpool:https://kite.zerodha.com:443 "GET /oms/quote/ltp?i=12739586 HTTP/1.1" 200 None
DEBUG:urllib3.connectionpool:https://kite.zerodha.com:443 "GET /oms/quote/ltp?i=12739586 HTTP/1.1" 200 None
DEBUG:urllib3.connectionpool:https://kite.zerodha.com:443 "GET /oms/quote/ltp?i=12739586 HTTP/1.1" 200 None
DEBUG:urllib3.connectionpool:https://kite.zerodha.com:443 "GET /oms/quote/ltp?i=12739586 HTTP/1.1" 200 None
DEBUG:urllib3.connectionpool:https://kite.zerodha.com:443 "GET /oms/quote/ltp?i=12739586 HTTP/1.1" 200 None
DEBUG:urllib3.connectionpool:https://kite.zerodha.com:443 "GET /oms/quote/ltp?i=12739586 HTTP/1.1" 200 None
DEBUG:urllib3.connectionpool:https://kite.zerodha.com:443 "GET /oms/quote/ltp?i=12739586 HTTP/1.1" 200 None
DEBUG:urllib3.connectionpool:https://kite.zerodha.com:443 "GET /oms/quote/ltp?i=12739586 HTTP/1.1" 200 None
DEBUG:urllib3.connectionpool:https://kite.zerodha.com:443 "GET /oms/quote/ltp?i=12739586 HTTP/1.1" 200 None
ERROR:kiteconnect.ticker:Connection error: 1006 - connection was closed uncleanly (peer dropped the TCP connection without previous WebSocket closing handshake)
ERROR:kiteconnect.ticker:Connection closed: 1006 - connection was closed uncleanly (peer dropped the TCP connection without previous WebSocket closing handshake)
