DEBUG:urllib3.connectionpool:Starting new HTTPS connection (1): kite.zerodha.com:443
DEBUG:urllib3.connectionpool:https://kite.zerodha.com:443 "GET /oms/instruments/historical/260105/day?instrument_token=260105&from=2020-08-11+08%3A55%3A17&to=2021-06-21+08%3A55%3A17&interval=day&continuous=0&oi=0 HTTP/1.1" 200 4549
DEBUG:urllib3.connectionpool:Starting new HTTPS connection (1): api.kite.trade:443
DEBUG:urllib3.connectionpool:https://api.kite.trade:443 "GET /instruments/NFO HTTP/1.1" 200 661342
DEBUG:urllib3.connectionpool:https://kite.zerodha.com:443 "GET /oms/instruments/historical/12739586/minute?instrument_token=12739586&from=2021-06-18+15%3A00%3A00&to=2021-06-18+15%3A21%3A00&interval=minute&continuous=0&oi=0 HTTP/1.1" 200 None
DEBUG:urllib3.connectionpool:https://kite.zerodha.com:443 "GET /oms/instruments/historical/12739842/minute?instrument_token=12739842&from=2021-06-18+15%3A00%3A00&to=2021-06-18+15%3A21%3A00&interval=minute&continuous=0&oi=0 HTTP/1.1" 200 None
ERROR:kiteconnect.ticker:Connection error: 1006 - connection was closed uncleanly (peer dropped the TCP connection without previous WebSocket closing handshake)
ERROR:kiteconnect.ticker:Connection closed: 1006 - connection was closed uncleanly (peer dropped the TCP connection without previous WebSocket closing handshake)
DEBUG:urllib3.connectionpool:Starting new HTTPS connection (1): kite.zerodha.com:443
DEBUG:urllib3.connectionpool:https://kite.zerodha.com:443 "GET /oms/instruments/historical/260105/day?instrument_token=260105&from=2020-08-11+12%3A53%3A53&to=2021-06-21+12%3A53%3A53&interval=day&continuous=0&oi=0 HTTP/1.1" 200 4571
DEBUG:urllib3.connectionpool:Starting new HTTPS connection (1): api.kite.trade:443
DEBUG:urllib3.connectionpool:https://api.kite.trade:443 "GET /instruments/NFO HTTP/1.1" 200 661342
DEBUG:urllib3.connectionpool:Starting new HTTPS connection (1): kite.zerodha.com:443
DEBUG:urllib3.connectionpool:https://kite.zerodha.com:443 "GET /oms/instruments/historical/260105/day?instrument_token=260105&from=2020-08-11+14%3A20%3A10&to=2021-06-21+14%3A20%3A10&interval=day&continuous=0&oi=0 HTTP/1.1" 200 4571
DEBUG:urllib3.connectionpool:Starting new HTTPS connection (1): api.kite.trade:443
DEBUG:urllib3.connectionpool:https://api.kite.trade:443 "GET /instruments/NFO HTTP/1.1" 200 661342
DEBUG:urllib3.connectionpool:https://kite.zerodha.com:443 "GET /oms/instruments/historical/12740098/minute?instrument_token=12740098&from=2021-06-21+15%3A00%3A00&to=2021-06-21+14%3A20%3A00&interval=minute&continuous=0&oi=0 HTTP/1.1" 400 106
DEBUG:urllib3.connectionpool:Starting new HTTPS connection (1): kite.zerodha.com:443
DEBUG:urllib3.connectionpool:https://kite.zerodha.com:443 "GET /oms/instruments/historical/260105/day?instrument_token=260105&from=2020-08-11+14%3A20%3A55&to=2021-06-21+14%3A20%3A55&interval=day&continuous=0&oi=0 HTTP/1.1" 200 4571
DEBUG:urllib3.connectionpool:Starting new HTTPS connection (1): api.kite.trade:443
DEBUG:urllib3.connectionpool:https://api.kite.trade:443 "GET /instruments/NFO HTTP/1.1" 200 661342
DEBUG:urllib3.connectionpool:https://kite.zerodha.com:443 "GET /oms/instruments/historical/12740098/minute?instrument_token=12740098&from=2021-06-21+15%3A00%3A00&to=2021-06-21+15%3A21%3A00&interval=minute&continuous=0&oi=0 HTTP/1.1" 200 46
DEBUG:urllib3.connectionpool:Starting new HTTPS connection (1): kite.zerodha.com:443
DEBUG:urllib3.connectionpool:https://kite.zerodha.com:443 "GET /oms/instruments/historical/260105/day?instrument_token=260105&from=2020-08-11+14%3A21%3A49&to=2021-06-21+14%3A21%3A49&interval=day&continuous=0&oi=0 HTTP/1.1" 200 4571
DEBUG:urllib3.connectionpool:Starting new HTTPS connection (1): api.kite.trade:443
DEBUG:urllib3.connectionpool:https://api.kite.trade:443 "GET /instruments/NFO HTTP/1.1" 200 661342
DEBUG:urllib3.connectionpool:https://kite.zerodha.com:443 "GET /oms/instruments/historical/12740098/minute?instrument_token=12740098&from=2021-06-21+15%3A00%3A00&to=2021-06-21+15%3A21%3A00&interval=minute&continuous=0&oi=0 HTTP/1.1" 200 46
DEBUG:urllib3.connectionpool:https://kite.zerodha.com:443 "GET /oms/instruments/historical/12740354/minute?instrument_token=12740354&from=2021-06-21+15%3A00%3A00&to=2021-06-21+15%3A21%3A00&interval=minute&continuous=0&oi=0 HTTP/1.1" 200 46
ERROR:kiteconnect.ticker:Connection error: 1006 - connection was closed uncleanly (peer dropped the TCP connection without previous WebSocket closing handshake)
ERROR:kiteconnect.ticker:Connection closed: 1006 - connection was closed uncleanly (peer dropped the TCP connection without previous WebSocket closing handshake)
DEBUG:urllib3.connectionpool:Starting new HTTPS connection (1): kite.zerodha.com:443
DEBUG:urllib3.connectionpool:https://kite.zerodha.com:443 "GET /oms/instruments/historical/260105/day?instrument_token=260105&from=2020-08-11+14%3A24%3A21&to=2021-06-21+14%3A24%3A21&interval=day&continuous=0&oi=0 HTTP/1.1" 200 4570
DEBUG:urllib3.connectionpool:Starting new HTTPS connection (1): api.kite.trade:443
DEBUG:urllib3.connectionpool:https://api.kite.trade:443 "GET /instruments/NFO HTTP/1.1" 200 661342
