DEBUG:urllib3.connectionpool:Starting new HTTPS connection (1): kite.zerodha.com:443
DEBUG:urllib3.connectionpool:https://kite.zerodha.com:443 "GET /oms/instruments/historical/260105/day?instrument_token=260105&from=2020-08-12+09%3A07%3A16&to=2021-06-21+09%3A07%3A16&interval=day&continuous=0&oi=0 HTTP/1.1" 200 4553
DEBUG:urllib3.connectionpool:Starting new HTTPS connection (1): api.kite.trade:443
DEBUG:urllib3.connectionpool:https://api.kite.trade:443 "GET /instruments/NFO HTTP/1.1" 200 661921
DEBUG:urllib3.connectionpool:https://kite.zerodha.com:443 "GET /oms/instruments/historical/11248898/3minute?instrument_token=11248898&from=2021-06-21+15%3A00%3A00&to=2021-06-22+09%3A07%3A00&interval=3minute&continuous=0&oi=0 HTTP/1.1" 200 None
DEBUG:urllib3.connectionpool:https://kite.zerodha.com:443 "GET /oms/instruments/historical/9955330/3minute?instrument_token=9955330&from=2021-06-21+15%3A00%3A00&to=2021-06-22+09%3A07%3A00&interval=3minute&continuous=0&oi=0 HTTP/1.1" 200 46
ERROR:kiteconnect.ticker:Connection error: 1006 - connection was closed uncleanly (peer dropped the TCP connection without previous WebSocket closing handshake)
ERROR:kiteconnect.ticker:Connection closed: 1006 - connection was closed uncleanly (peer dropped the TCP connection without previous WebSocket closing handshake)
DEBUG:urllib3.connectionpool:Starting new HTTPS connection (1): kite.zerodha.com:443
DEBUG:urllib3.connectionpool:https://kite.zerodha.com:443 "GET /oms/instruments/historical/260105/day?instrument_token=260105&from=2020-08-12+09%3A19%3A55&to=2021-06-21+09%3A19%3A55&interval=day&continuous=0&oi=0 HTTP/1.1" 200 4553
DEBUG:urllib3.connectionpool:Starting new HTTPS connection (1): api.kite.trade:443
DEBUG:urllib3.connectionpool:https://api.kite.trade:443 "GET /instruments/NFO HTTP/1.1" 200 661921
DEBUG:urllib3.connectionpool:https://kite.zerodha.com:443 "GET /oms/instruments/historical/11248898/3minute?instrument_token=11248898&from=2021-06-21+15%3A00%3A00&to=2021-06-22+09%3A20%3A00&interval=3minute&continuous=0&oi=0 HTTP/1.1" 200 None
DEBUG:urllib3.connectionpool:https://kite.zerodha.com:443 "GET /oms/instruments/historical/9955330/3minute?instrument_token=9955330&from=2021-06-21+15%3A00%3A00&to=2021-06-22+09%3A20%3A00&interval=3minute&continuous=0&oi=0 HTTP/1.1" 200 46
ERROR:kiteconnect.ticker:Connection error: 1006 - connection was closed uncleanly (None)
ERROR:kiteconnect.ticker:Connection closed: 1006 - connection was closed uncleanly (None)
DEBUG:urllib3.connectionpool:Starting new HTTPS connection (1): kite.zerodha.com:443
DEBUG:urllib3.connectionpool:https://kite.zerodha.com:443 "GET /oms/instruments/historical/260105/day?instrument_token=260105&from=2020-08-12+10%3A06%3A16&to=2021-06-21+10%3A06%3A16&interval=day&continuous=0&oi=0 HTTP/1.1" 200 4553
DEBUG:urllib3.connectionpool:Starting new HTTPS connection (1): api.kite.trade:443
DEBUG:urllib3.connectionpool:https://api.kite.trade:443 "GET /instruments/NFO HTTP/1.1" 200 661921
DEBUG:urllib3.connectionpool:https://kite.zerodha.com:443 "GET /oms/instruments/historical/11248898/3minute?instrument_token=11248898&from=2021-06-21+15%3A00%3A00&to=2021-06-22+10%3A06%3A00&interval=3minute&continuous=0&oi=0 HTTP/1.1" 200 None
DEBUG:urllib3.connectionpool:https://kite.zerodha.com:443 "GET /oms/instruments/historical/9955330/3minute?instrument_token=9955330&from=2021-06-21+15%3A00%3A00&to=2021-06-22+10%3A06%3A00&interval=3minute&continuous=0&oi=0 HTTP/1.1" 200 46
ERROR:kiteconnect.ticker:Connection error: 1006 - connection was closed uncleanly (peer dropped the TCP connection without previous WebSocket closing handshake)
ERROR:kiteconnect.ticker:Connection closed: 1006 - connection was closed uncleanly (peer dropped the TCP connection without previous WebSocket closing handshake)
DEBUG:urllib3.connectionpool:Starting new HTTPS connection (1): kite.zerodha.com:443
DEBUG:urllib3.connectionpool:https://kite.zerodha.com:443 "GET /oms/instruments/historical/260105/day?instrument_token=260105&from=2020-08-12+10%3A26%3A55&to=2021-06-21+10%3A26%3A55&interval=day&continuous=0&oi=0 HTTP/1.1" 200 4553
DEBUG:urllib3.connectionpool:Starting new HTTPS connection (1): api.kite.trade:443
DEBUG:urllib3.connectionpool:https://api.kite.trade:443 "GET /instruments/NFO HTTP/1.1" 200 661921
DEBUG:urllib3.connectionpool:https://kite.zerodha.com:443 "GET /oms/instruments/historical/11248898/3minute?instrument_token=11248898&from=2021-06-21+15%3A00%3A00&to=2021-06-22+10%3A27%3A00&interval=3minute&continuous=0&oi=0 HTTP/1.1" 200 None
DEBUG:urllib3.connectionpool:https://kite.zerodha.com:443 "GET /oms/instruments/historical/9955330/3minute?instrument_token=9955330&from=2021-06-21+15%3A00%3A00&to=2021-06-22+10%3A27%3A00&interval=3minute&continuous=0&oi=0 HTTP/1.1" 200 46
ERROR:kiteconnect.ticker:Connection error: 1006 - connection was closed uncleanly (None)
ERROR:kiteconnect.ticker:Connection closed: 1006 - connection was closed uncleanly (None)
